# JRE version: OpenJDK Runtime Environment Temurin-21.0.7+6 (21.0.7+6) (build 21.0.7+6-LTS)
# Java VM: OpenJDK 64-Bit Server VM Temurin-21.0.7+6 (21.0.7+6-LTS, mixed mode, sharing, tiered, compressed oops, compressed class ptrs, parallel gc, windows-amd64)
GC Precious Log:
 CardTable entry size: 512
 CPUs: 12 total, 12 available
 Memory: 16333M
 Large Page Support: Disabled
 NUMA Support: Disabled
 Compressed Oops: Enabled (32-bit)
 Alignments: Space 512K, Generation 512K, Heap 2M
 Heap Min Capacity: 100M
 Heap Initial Capacity: 100M
 Heap Max Capacity: 2G
 Pre-touch: Disabled
 Parallel Workers: 10
Heap:
 PSYoungGen      total 18432K, used 4923K [0x00000000d5580000, 0x00000000d6a00000, 0x0000000100000000)
  eden space 17408K, 22% used [0x00000000d5580000,0x00000000d59540b0,0x00000000d6680000)
  from space 1024K, 98% used [0x00000000d6900000,0x00000000d69fae90,0x00000000d6a00000)
  to   space 1536K, 0% used [0x00000000d6700000,0x00000000d6700000,0x00000000d6880000)
 ParOldGen       total 68608K, used 32111K [0x0000000080000000, 0x0000000084300000, 0x00000000d5580000)
  object space 68608K, 46% used [0x0000000080000000,0x0000000081f5bc00,0x0000000084300000)
 Metaspace       used 40652K, committed 41728K, reserved 1114112K
  class space    used 4012K, committed 4480K, reserved 1048576K
GC Heap History (20 events):
Event: 24.528 GC heap before
{Heap before GC invocations=15 (full 1):
 PSYoungGen      total 23040K, used 22756K [0x00000000d5580000, 0x00000000d7080000, 0x0000000100000000)
  eden space 20480K, 100% used [0x00000000d5580000,0x00000000d6980000,0x00000000d6980000)
  from space 2560K, 88% used [0x00000000d6980000,0x00000000d6bb9000,0x00000000d6c00000)
  to   space 3584K, 0% used [0x00000000d6d00000,0x00000000d6d00000,0x00000000d7080000)
 ParOldGen       total 68608K, used 21594K [0x0000000080000000, 0x0000000084300000, 0x00000000d5580000)
  object space 68608K, 31% used [0x0000000080000000,0x0000000081516b58,0x0000000084300000)
 Metaspace       used 32142K, committed 33152K, reserved 1114112K
  class space    used 3171K, committed 3648K, reserved 1048576K
}
Event: 24.533 GC heap after
{Heap after GC invocations=15 (full 1):
 PSYoungGen      total 23040K, used 2432K [0x00000000d5580000, 0x00000000d6f80000, 0x0000000100000000)
  eden space 20480K, 0% used [0x00000000d5580000,0x00000000d5580000,0x00000000d6980000)
  from space 2560K, 95% used [0x00000000d6d00000,0x00000000d6f60010,0x00000000d6f80000)
  to   space 2560K, 0% used [0x00000000d6980000,0x00000000d6980000,0x00000000d6c00000)
 ParOldGen       total 68608K, used 23760K [0x0000000080000000, 0x0000000084300000, 0x00000000d5580000)
  object space 68608K, 34% used [0x0000000080000000,0x0000000081734180,0x0000000084300000)
 Metaspace       used 32142K, committed 33152K, reserved 1114112K
  class space    used 3171K, committed 3648K, reserved 1048576K
}
Event: 24.685 GC heap before
{Heap before GC invocations=16 (full 1):
 PSYoungGen      total 23040K, used 22912K [0x00000000d5580000, 0x00000000d6f80000, 0x0000000100000000)
  eden space 20480K, 100% used [0x00000000d5580000,0x00000000d6980000,0x00000000d6980000)
  from space 2560K, 95% used [0x00000000d6d00000,0x00000000d6f60010,0x00000000d6f80000)
  to   space 2560K, 0% used [0x00000000d6980000,0x00000000d6980000,0x00000000d6c00000)
 ParOldGen       total 68608K, used 23760K [0x0000000080000000, 0x0000000084300000, 0x00000000d5580000)
  object space 68608K, 34% used [0x0000000080000000,0x0000000081734180,0x0000000084300000)
 Metaspace       used 32223K, committed 33216K, reserved 1114112K
  class space    used 3171K, committed 3648K, reserved 1048576K
}
Event: 24.691 GC heap after
{Heap after GC invocations=16 (full 1):
 PSYoungGen      total 23040K, used 2136K [0x00000000d5580000, 0x00000000d6e80000, 0x0000000100000000)
  eden space 20480K, 0% used [0x00000000d5580000,0x00000000d5580000,0x00000000d6980000)
  from space 2560K, 83% used [0x00000000d6980000,0x00000000d6b96200,0x00000000d6c00000)
  to   space 2560K, 0% used [0x00000000d6c00000,0x00000000d6c00000,0x00000000d6e80000)
 ParOldGen       total 68608K, used 26080K [0x0000000080000000, 0x0000000084300000, 0x00000000d5580000)
  object space 68608K, 38% used [0x0000000080000000,0x0000000081978190,0x0000000084300000)
 Metaspace       used 32223K, committed 33216K, reserved 1114112K
  class space    used 3171K, committed 3648K, reserved 1048576K
}
Event: 26.065 GC heap before
{Heap before GC invocations=17 (full 1):
 PSYoungGen      total 23040K, used 22570K [0x00000000d5580000, 0x00000000d6e80000, 0x0000000100000000)
  eden space 20480K, 99% used [0x00000000d5580000,0x00000000d6974938,0x00000000d6980000)
  from space 2560K, 83% used [0x00000000d6980000,0x00000000d6b96200,0x00000000d6c00000)
  to   space 2560K, 0% used [0x00000000d6c00000,0x00000000d6c00000,0x00000000d6e80000)
 ParOldGen       total 68608K, used 26080K [0x0000000080000000, 0x0000000084300000, 0x00000000d5580000)
  object space 68608K, 38% used [0x0000000080000000,0x0000000081978190,0x0000000084300000)
 Metaspace       used 34499K, committed 35520K, reserved 1114112K
  class space    used 3412K, committed 3904K, reserved 1048576K
}
Event: 26.070 GC heap after
{Heap after GC invocations=17 (full 1):
 PSYoungGen      total 22016K, used 1317K [0x00000000d5580000, 0x00000000d6d80000, 0x0000000100000000)
  eden space 20480K, 0% used [0x00000000d5580000,0x00000000d5580000,0x00000000d6980000)
  from space 1536K, 85% used [0x00000000d6c00000,0x00000000d6d49558,0x00000000d6d80000)
  to   space 2048K, 0% used [0x00000000d6980000,0x00000000d6980000,0x00000000d6b80000)
 ParOldGen       total 68608K, used 28096K [0x0000000080000000, 0x0000000084300000, 0x00000000d5580000)
  object space 68608K, 40% used [0x0000000080000000,0x0000000081b70390,0x0000000084300000)
 Metaspace       used 34499K, committed 35520K, reserved 1114112K
  class space    used 3412K, committed 3904K, reserved 1048576K
}
Event: 26.838 GC heap before
{Heap before GC invocations=18 (full 1):
 PSYoungGen      total 22016K, used 11784K [0x00000000d5580000, 0x00000000d6d80000, 0x0000000100000000)
  eden space 20480K, 51% used [0x00000000d5580000,0x00000000d5fb8b80,0x00000000d6980000)
  from space 1536K, 85% used [0x00000000d6c00000,0x00000000d6d49558,0x00000000d6d80000)
  to   space 2048K, 0% used [0x00000000d6980000,0x00000000d6980000,0x00000000d6b80000)
 ParOldGen       total 68608K, used 28096K [0x0000000080000000, 0x0000000084300000, 0x00000000d5580000)
  object space 68608K, 40% used [0x0000000080000000,0x0000000081b70390,0x0000000084300000)
 Metaspace       used 34773K, committed 35840K, reserved 1114112K
  class space    used 3468K, committed 3968K, reserved 1048576K
}
Event: 26.839 GC heap after
{Heap after GC invocations=18 (full 1):
 PSYoungGen      total 22528K, used 256K [0x00000000d5580000, 0x00000000d6c80000, 0x0000000100000000)
  eden space 20480K, 0% used [0x00000000d5580000,0x00000000d5580000,0x00000000d6980000)
  from space 2048K, 12% used [0x00000000d6980000,0x00000000d69c0000,0x00000000d6b80000)
  to   space 1024K, 0% used [0x00000000d6b80000,0x00000000d6b80000,0x00000000d6c80000)
 ParOldGen       total 68608K, used 29202K [0x0000000080000000, 0x0000000084300000, 0x00000000d5580000)
  object space 68608K, 42% used [0x0000000080000000,0x0000000081c84a18,0x0000000084300000)
 Metaspace       used 34773K, committed 35840K, reserved 1114112K
  class space    used 3468K, committed 3968K, reserved 1048576K
}
Event: 26.839 GC heap before
{Heap before GC invocations=19 (full 2):
 PSYoungGen      total 22528K, used 256K [0x00000000d5580000, 0x00000000d6c80000, 0x0000000100000000)
  eden space 20480K, 0% used [0x00000000d5580000,0x00000000d5580000,0x00000000d6980000)
  from space 2048K, 12% used [0x00000000d6980000,0x00000000d69c0000,0x00000000d6b80000)
  to   space 1024K, 0% used [0x00000000d6b80000,0x00000000d6b80000,0x00000000d6c80000)
 ParOldGen       total 68608K, used 29202K [0x0000000080000000, 0x0000000084300000, 0x00000000d5580000)
  object space 68608K, 42% used [0x0000000080000000,0x0000000081c84a18,0x0000000084300000)
 Metaspace       used 34773K, committed 35840K, reserved 1114112K
  class space    used 3468K, committed 3968K, reserved 1048576K
}
Event: 26.904 GC heap after
{Heap after GC invocations=19 (full 2):
 PSYoungGen      total 22528K, used 0K [0x00000000d5580000, 0x00000000d6c80000, 0x0000000100000000)
  eden space 20480K, 0% used [0x00000000d5580000,0x00000000d5580000,0x00000000d6980000)
  from space 2048K, 0% used [0x00000000d6980000,0x00000000d6980000,0x00000000d6b80000)
  to   space 1024K, 0% used [0x00000000d6b80000,0x00000000d6b80000,0x00000000d6c80000)
 ParOldGen       total 68608K, used 27854K [0x0000000080000000, 0x0000000084300000, 0x00000000d5580000)
  object space 68608K, 40% used [0x0000000080000000,0x0000000081b33880,0x0000000084300000)
 Metaspace       used 34772K, committed 35840K, reserved 1114112K
  class space    used 3468K, committed 3968K, reserved 1048576K
}
Event: 29.000 GC heap before
{Heap before GC invocations=20 (full 2):
 PSYoungGen      total 22528K, used 20473K [0x00000000d5580000, 0x00000000d6c80000, 0x0000000100000000)
  eden space 20480K, 99% used [0x00000000d5580000,0x00000000d697e610,0x00000000d6980000)
  from space 2048K, 0% used [0x00000000d6980000,0x00000000d6980000,0x00000000d6b80000)
  to   space 1024K, 0% used [0x00000000d6b80000,0x00000000d6b80000,0x00000000d6c80000)
 ParOldGen       total 68608K, used 27854K [0x0000000080000000, 0x0000000084300000, 0x00000000d5580000)
  object space 68608K, 40% used [0x0000000080000000,0x0000000081b33880,0x0000000084300000)
 Metaspace       used 36196K, committed 37248K, reserved 1114112K
  class space    used 3603K, committed 4096K, reserved 1048576K
}
Event: 29.002 GC heap after
{Heap after GC invocations=20 (full 2):
 PSYoungGen      total 20992K, used 512K [0x00000000d5580000, 0x00000000d6c00000, 0x0000000100000000)
  eden space 20480K, 0% used [0x00000000d5580000,0x00000000d5580000,0x00000000d6980000)
  from space 512K, 100% used [0x00000000d6b80000,0x00000000d6c00000,0x00000000d6c00000)
  to   space 1024K, 0% used [0x00000000d6a00000,0x00000000d6a00000,0x00000000d6b00000)
 ParOldGen       total 68608K, used 27862K [0x0000000080000000, 0x0000000084300000, 0x00000000d5580000)
  object space 68608K, 40% used [0x0000000080000000,0x0000000081b35880,0x0000000084300000)
 Metaspace       used 36196K, committed 37248K, reserved 1114112K
  class space    used 3603K, committed 4096K, reserved 1048576K
}
Event: 30.548 GC heap before
{Heap before GC invocations=21 (full 2):
 PSYoungGen      total 20992K, used 20992K [0x00000000d5580000, 0x00000000d6c00000, 0x0000000100000000)
  eden space 20480K, 100% used [0x00000000d5580000,0x00000000d6980000,0x00000000d6980000)
  from space 512K, 100% used [0x00000000d6b80000,0x00000000d6c00000,0x00000000d6c00000)
  to   space 1024K, 0% used [0x00000000d6a00000,0x00000000d6a00000,0x00000000d6b00000)
 ParOldGen       total 68608K, used 27862K [0x0000000080000000, 0x0000000084300000, 0x00000000d5580000)
  object space 68608K, 40% used [0x0000000080000000,0x0000000081b35880,0x0000000084300000)
 Metaspace       used 38263K, committed 39360K, reserved 1114112K
  class space    used 3795K, committed 4288K, reserved 1048576K
}
Event: 30.549 GC heap after
{Heap after GC invocations=21 (full 2):
 PSYoungGen      total 21504K, used 992K [0x00000000d5580000, 0x00000000d6c80000, 0x0000000100000000)
  eden space 20480K, 0% used [0x00000000d5580000,0x00000000d5580000,0x00000000d6980000)
  from space 1024K, 96% used [0x00000000d6a00000,0x00000000d6af8020,0x00000000d6b00000)
  to   space 1536K, 0% used [0x00000000d6b00000,0x00000000d6b00000,0x00000000d6c80000)
 ParOldGen       total 68608K, used 28242K [0x0000000080000000, 0x0000000084300000, 0x00000000d5580000)
  object space 68608K, 41% used [0x0000000080000000,0x0000000081b948f8,0x0000000084300000)
 Metaspace       used 38263K, committed 39360K, reserved 1114112K
  class space    used 3795K, committed 4288K, reserved 1048576K
}
Event: 31.211 GC heap before
{Heap before GC invocations=22 (full 2):
 PSYoungGen      total 21504K, used 21299K [0x00000000d5580000, 0x00000000d6c80000, 0x0000000100000000)
  eden space 20480K, 99% used [0x00000000d5580000,0x00000000d6954c88,0x00000000d6980000)
  from space 1024K, 96% used [0x00000000d6a00000,0x00000000d6af8020,0x00000000d6b00000)
  to   space 1536K, 0% used [0x00000000d6b00000,0x00000000d6b00000,0x00000000d6c80000)
 ParOldGen       total 68608K, used 28242K [0x0000000080000000, 0x0000000084300000, 0x00000000d5580000)
  object space 68608K, 41% used [0x0000000080000000,0x0000000081b948f8,0x0000000084300000)
 Metaspace       used 40066K, committed 41216K, reserved 1114112K
  class space    used 3978K, committed 4480K, reserved 1048576K
}
Event: 31.215 GC heap after
{Heap after GC invocations=22 (full 2):
 PSYoungGen      total 18944K, used 1531K [0x00000000d5580000, 0x00000000d7280000, 0x0000000100000000)
  eden space 17408K, 0% used [0x00000000d5580000,0x00000000d5580000,0x00000000d6680000)
  from space 1536K, 99% used [0x00000000d6b00000,0x00000000d6c7ede8,0x00000000d6c80000)
  to   space 4608K, 0% used [0x00000000d6680000,0x00000000d6680000,0x00000000d6b00000)
 ParOldGen       total 68608K, used 30408K [0x0000000080000000, 0x0000000084300000, 0x00000000d5580000)
  object space 68608K, 44% used [0x0000000080000000,0x0000000081db23d8,0x0000000084300000)
 Metaspace       used 40066K, committed 41216K, reserved 1114112K
  class space    used 3978K, committed 4480K, reserved 1048576K
}
Event: 31.533 GC heap before
{Heap before GC invocations=23 (full 2):
 PSYoungGen      total 18944K, used 18939K [0x00000000d5580000, 0x00000000d7280000, 0x0000000100000000)
  eden space 17408K, 100% used [0x00000000d5580000,0x00000000d6680000,0x00000000d6680000)
  from space 1536K, 99% used [0x00000000d6b00000,0x00000000d6c7ede8,0x00000000d6c80000)
  to   space 4608K, 0% used [0x00000000d6680000,0x00000000d6680000,0x00000000d6b00000)
 ParOldGen       total 68608K, used 30408K [0x0000000080000000, 0x0000000084300000, 0x00000000d5580000)
  object space 68608K, 44% used [0x0000000080000000,0x0000000081db23d8,0x0000000084300000)
 Metaspace       used 40315K, committed 41408K, reserved 1114112K
  class space    used 3992K, committed 4480K, reserved 1048576K
}
Event: 31.535 GC heap after
{Heap after GC invocations=23 (full 2):
 PSYoungGen      total 18944K, used 1147K [0x00000000d5580000, 0x00000000d6b80000, 0x0000000100000000)
  eden space 17408K, 0% used [0x00000000d5580000,0x00000000d5580000,0x00000000d6680000)
  from space 1536K, 74% used [0x00000000d6680000,0x00000000d679eee8,0x00000000d6800000)
  to   space 2560K, 0% used [0x00000000d6900000,0x00000000d6900000,0x00000000d6b80000)
 ParOldGen       total 68608K, used 31949K [0x0000000080000000, 0x0000000084300000, 0x00000000d5580000)
  object space 68608K, 46% used [0x0000000080000000,0x0000000081f33790,0x0000000084300000)
 Metaspace       used 40315K, committed 41408K, reserved 1114112K
  class space    used 3992K, committed 4480K, reserved 1048576K
}
Event: 31.829 GC heap before
{Heap before GC invocations=24 (full 2):
 PSYoungGen      total 18944K, used 18555K [0x00000000d5580000, 0x00000000d6b80000, 0x0000000100000000)
  eden space 17408K, 100% used [0x00000000d5580000,0x00000000d6680000,0x00000000d6680000)
  from space 1536K, 74% used [0x00000000d6680000,0x00000000d679eee8,0x00000000d6800000)
  to   space 2560K, 0% used [0x00000000d6900000,0x00000000d6900000,0x00000000d6b80000)
 ParOldGen       total 68608K, used 31949K [0x0000000080000000, 0x0000000084300000, 0x00000000d5580000)
  object space 68608K, 46% used [0x0000000080000000,0x0000000081f33790,0x0000000084300000)
 Metaspace       used 40323K, committed 41408K, reserved 1114112K
  class space    used 3992K, committed 4480K, reserved 1048576K
}
Event: 31.831 GC heap after
{Heap after GC invocations=24 (full 2):
 PSYoungGen      total 18432K, used 1003K [0x00000000d5580000, 0x00000000d6a00000, 0x0000000100000000)
  eden space 17408K, 0% used [0x00000000d5580000,0x00000000d5580000,0x00000000d6680000)
  from space 1024K, 98% used [0x00000000d6900000,0x00000000d69fae90,0x00000000d6a00000)
  to   space 1536K, 0% used [0x00000000d6700000,0x00000000d6700000,0x00000000d6880000)
 ParOldGen       total 68608K, used 32111K [0x0000000080000000, 0x0000000084300000, 0x00000000d5580000)
  object space 68608K, 46% used [0x0000000080000000,0x0000000081f5bc00,0x0000000084300000)
 Metaspace       used 40323K, committed 41408K, reserved 1114112K
  class space    used 3992K, committed 4480K, reserved 1048576K
}

